This is pdfTeX, Version 3.1415926-1.40.10 (TeX Live 2009/Debian) (format=pdflatex 2012.5.19)  6 JUN 2012 18:02
entering extended mode
 %&-line parsing enabled.
**memIA.tex
(./memIA.tex
LaTeX2e <2009/09/24>
Babel <v3.8l> and hyphenation patterns for english, usenglishmax, dumylang, noh
yphenation, spanish, galician, catalan, loaded.
IJCAI-11 Instructions for Authors
(/usr/share/texmf-texlive/tex/latex/base/article.cls
Document Class: article 2007/10/19 v1.4h Standard LaTeX document class
(/usr/share/texmf-texlive/tex/latex/base/size10.clo
File: size10.clo 2007/10/19 v1.4h Standard LaTeX file (size option)
)
\c@part=\count79
\c@section=\count80
\c@subsection=\count81
\c@subsubsection=\count82
\c@paragraph=\count83
\c@subparagraph=\count84
\c@figure=\count85
\c@table=\count86
\abovecaptionskip=\skip41
\belowcaptionskip=\skip42
\bibindent=\dimen102
) (./ijcai11.sty
Conference Style, version of 6 September 1995 (revised Nov 2010)
\titlebox=\skip43
Named Citation Style, version of 30 November 1994
) (/usr/share/texmf-texlive/tex/latex/psnfss/times.sty
Package: times 2005/04/12 PSNFSS-v9.2a (SPQR) 
)
(/usr/share/texmf-texlive/tex/latex/base/inputenc.sty
Package: inputenc 2008/03/30 v1.1d Input encoding file
\inpenc@prehook=\toks14
\inpenc@posthook=\toks15

(/usr/share/texmf-texlive/tex/latex/base/utf8.def
File: utf8.def 2008/04/05 v1.1m UTF-8 support for inputenc
Now handling font encoding OML ...
... no UTF-8 mapping file for font encoding OML
Now handling font encoding T1 ...
... processing UTF-8 mapping file for font encoding T1

(/usr/share/texmf-texlive/tex/latex/base/t1enc.dfu
File: t1enc.dfu 2008/04/05 v1.1m UTF-8 support for inputenc
   defining Unicode char U+00A1 (decimal 161)
   defining Unicode char U+00A3 (decimal 163)
   defining Unicode char U+00AB (decimal 171)
   defining Unicode char U+00BB (decimal 187)
   defining Unicode char U+00BF (decimal 191)
   defining Unicode char U+00C0 (decimal 192)
   defining Unicode char U+00C1 (decimal 193)
   defining Unicode char U+00C2 (decimal 194)
   defining Unicode char U+00C3 (decimal 195)
   defining Unicode char U+00C4 (decimal 196)
   defining Unicode char U+00C5 (decimal 197)
   defining Unicode char U+00C6 (decimal 198)
   defining Unicode char U+00C7 (decimal 199)
   defining Unicode char U+00C8 (decimal 200)
   defining Unicode char U+00C9 (decimal 201)
   defining Unicode char U+00CA (decimal 202)
   defining Unicode char U+00CB (decimal 203)
   defining Unicode char U+00CC (decimal 204)
   defining Unicode char U+00CD (decimal 205)
   defining Unicode char U+00CE (decimal 206)
   defining Unicode char U+00CF (decimal 207)
   defining Unicode char U+00D0 (decimal 208)
   defining Unicode char U+00D1 (decimal 209)
   defining Unicode char U+00D2 (decimal 210)
   defining Unicode char U+00D3 (decimal 211)
   defining Unicode char U+00D4 (decimal 212)
   defining Unicode char U+00D5 (decimal 213)
   defining Unicode char U+00D6 (decimal 214)
   defining Unicode char U+00D8 (decimal 216)
   defining Unicode char U+00D9 (decimal 217)
   defining Unicode char U+00DA (decimal 218)
   defining Unicode char U+00DB (decimal 219)
   defining Unicode char U+00DC (decimal 220)
   defining Unicode char U+00DD (decimal 221)
   defining Unicode char U+00DE (decimal 222)
   defining Unicode char U+00DF (decimal 223)
   defining Unicode char U+00E0 (decimal 224)
   defining Unicode char U+00E1 (decimal 225)
   defining Unicode char U+00E2 (decimal 226)
   defining Unicode char U+00E3 (decimal 227)
   defining Unicode char U+00E4 (decimal 228)
   defining Unicode char U+00E5 (decimal 229)
   defining Unicode char U+00E6 (decimal 230)
   defining Unicode char U+00E7 (decimal 231)
   defining Unicode char U+00E8 (decimal 232)
   defining Unicode char U+00E9 (decimal 233)
   defining Unicode char U+00EA (decimal 234)
   defining Unicode char U+00EB (decimal 235)
   defining Unicode char U+00EC (decimal 236)
   defining Unicode char U+00ED (decimal 237)
   defining Unicode char U+00EE (decimal 238)
   defining Unicode char U+00EF (decimal 239)
   defining Unicode char U+00F0 (decimal 240)
   defining Unicode char U+00F1 (decimal 241)
   defining Unicode char U+00F2 (decimal 242)
   defining Unicode char U+00F3 (decimal 243)
   defining Unicode char U+00F4 (decimal 244)
   defining Unicode char U+00F5 (decimal 245)
   defining Unicode char U+00F6 (decimal 246)
   defining Unicode char U+00F8 (decimal 248)
   defining Unicode char U+00F9 (decimal 249)
   defining Unicode char U+00FA (decimal 250)
   defining Unicode char U+00FB (decimal 251)
   defining Unicode char U+00FC (decimal 252)
   defining Unicode char U+00FD (decimal 253)
   defining Unicode char U+00FE (decimal 254)
   defining Unicode char U+00FF (decimal 255)
   defining Unicode char U+0102 (decimal 258)
   defining Unicode char U+0103 (decimal 259)
   defining Unicode char U+0104 (decimal 260)
   defining Unicode char U+0105 (decimal 261)
   defining Unicode char U+0106 (decimal 262)
   defining Unicode char U+0107 (decimal 263)
   defining Unicode char U+010C (decimal 268)
   defining Unicode char U+010D (decimal 269)
   defining Unicode char U+010E (decimal 270)
   defining Unicode char U+010F (decimal 271)
   defining Unicode char U+0110 (decimal 272)
   defining Unicode char U+0111 (decimal 273)
   defining Unicode char U+0118 (decimal 280)
   defining Unicode char U+0119 (decimal 281)
   defining Unicode char U+011A (decimal 282)
   defining Unicode char U+011B (decimal 283)
   defining Unicode char U+011E (decimal 286)
   defining Unicode char U+011F (decimal 287)
   defining Unicode char U+0130 (decimal 304)
   defining Unicode char U+0131 (decimal 305)
   defining Unicode char U+0132 (decimal 306)
   defining Unicode char U+0133 (decimal 307)
   defining Unicode char U+0139 (decimal 313)
   defining Unicode char U+013A (decimal 314)
   defining Unicode char U+013D (decimal 317)
   defining Unicode char U+013E (decimal 318)
   defining Unicode char U+0141 (decimal 321)
   defining Unicode char U+0142 (decimal 322)
   defining Unicode char U+0143 (decimal 323)
   defining Unicode char U+0144 (decimal 324)
   defining Unicode char U+0147 (decimal 327)
   defining Unicode char U+0148 (decimal 328)
   defining Unicode char U+014A (decimal 330)
   defining Unicode char U+014B (decimal 331)
   defining Unicode char U+0150 (decimal 336)
   defining Unicode char U+0151 (decimal 337)
   defining Unicode char U+0152 (decimal 338)
   defining Unicode char U+0153 (decimal 339)
   defining Unicode char U+0154 (decimal 340)
   defining Unicode char U+0155 (decimal 341)
   defining Unicode char U+0158 (decimal 344)
   defining Unicode char U+0159 (decimal 345)
   defining Unicode char U+015A (decimal 346)
   defining Unicode char U+015B (decimal 347)
   defining Unicode char U+015E (decimal 350)
   defining Unicode char U+015F (decimal 351)
   defining Unicode char U+0160 (decimal 352)
   defining Unicode char U+0161 (decimal 353)
   defining Unicode char U+0162 (decimal 354)
   defining Unicode char U+0163 (decimal 355)
   defining Unicode char U+0164 (decimal 356)
   defining Unicode char U+0165 (decimal 357)
   defining Unicode char U+016E (decimal 366)
   defining Unicode char U+016F (decimal 367)
   defining Unicode char U+0170 (decimal 368)
   defining Unicode char U+0171 (decimal 369)
   defining Unicode char U+0178 (decimal 376)
   defining Unicode char U+0179 (decimal 377)
   defining Unicode char U+017A (decimal 378)
   defining Unicode char U+017B (decimal 379)
   defining Unicode char U+017C (decimal 380)
   defining Unicode char U+017D (decimal 381)
   defining Unicode char U+017E (decimal 382)
   defining Unicode char U+200C (decimal 8204)
   defining Unicode char U+2013 (decimal 8211)
   defining Unicode char U+2014 (decimal 8212)
   defining Unicode char U+2018 (decimal 8216)
   defining Unicode char U+2019 (decimal 8217)
   defining Unicode char U+201A (decimal 8218)
   defining Unicode char U+201C (decimal 8220)
   defining Unicode char U+201D (decimal 8221)
   defining Unicode char U+201E (decimal 8222)
   defining Unicode char U+2030 (decimal 8240)
   defining Unicode char U+2031 (decimal 8241)
   defining Unicode char U+2039 (decimal 8249)
   defining Unicode char U+203A (decimal 8250)
   defining Unicode char U+2423 (decimal 9251)
)
Now handling font encoding OT1 ...
... processing UTF-8 mapping file for font encoding OT1

(/usr/share/texmf-texlive/tex/latex/base/ot1enc.dfu
File: ot1enc.dfu 2008/04/05 v1.1m UTF-8 support for inputenc
   defining Unicode char U+00A1 (decimal 161)
   defining Unicode char U+00A3 (decimal 163)
   defining Unicode char U+00B8 (decimal 184)
   defining Unicode char U+00BF (decimal 191)
   defining Unicode char U+00C5 (decimal 197)
   defining Unicode char U+00C6 (decimal 198)
   defining Unicode char U+00D8 (decimal 216)
   defining Unicode char U+00DF (decimal 223)
   defining Unicode char U+00E6 (decimal 230)
   defining Unicode char U+00EC (decimal 236)
   defining Unicode char U+00ED (decimal 237)
   defining Unicode char U+00EE (decimal 238)
   defining Unicode char U+00EF (decimal 239)
   defining Unicode char U+00F8 (decimal 248)
   defining Unicode char U+0131 (decimal 305)
   defining Unicode char U+0141 (decimal 321)
   defining Unicode char U+0142 (decimal 322)
   defining Unicode char U+0152 (decimal 338)
   defining Unicode char U+0153 (decimal 339)
   defining Unicode char U+2013 (decimal 8211)
   defining Unicode char U+2014 (decimal 8212)
   defining Unicode char U+2018 (decimal 8216)
   defining Unicode char U+2019 (decimal 8217)
   defining Unicode char U+201C (decimal 8220)
   defining Unicode char U+201D (decimal 8221)
)
Now handling font encoding OMS ...
... processing UTF-8 mapping file for font encoding OMS

(/usr/share/texmf-texlive/tex/latex/base/omsenc.dfu
File: omsenc.dfu 2008/04/05 v1.1m UTF-8 support for inputenc
   defining Unicode char U+00A7 (decimal 167)
   defining Unicode char U+00B6 (decimal 182)
   defining Unicode char U+00B7 (decimal 183)
   defining Unicode char U+2020 (decimal 8224)
   defining Unicode char U+2021 (decimal 8225)
   defining Unicode char U+2022 (decimal 8226)
)
Now handling font encoding OMX ...
... no UTF-8 mapping file for font encoding OMX
Now handling font encoding U ...
... no UTF-8 mapping file for font encoding U
   defining Unicode char U+00A9 (decimal 169)
   defining Unicode char U+00AA (decimal 170)
   defining Unicode char U+00AE (decimal 174)
   defining Unicode char U+00BA (decimal 186)
   defining Unicode char U+02C6 (decimal 710)
   defining Unicode char U+02DC (decimal 732)
   defining Unicode char U+200C (decimal 8204)
   defining Unicode char U+2026 (decimal 8230)
   defining Unicode char U+2122 (decimal 8482)
   defining Unicode char U+2423 (decimal 9251)
))
(/usr/share/texmf-texlive/tex/generic/babel/babel.sty
Package: babel 2008/07/06 v3.8l The Babel package

(/usr/share/texmf-texlive/tex/generic/babel/catalan.ldf
Language: catalan 2005/03/29 v2.2p Catalan support from the babel system

(/usr/share/texmf-texlive/tex/generic/babel/babel.def
File: babel.def 2008/07/06 v3.8l Babel common definitions
\babel@savecnt=\count87
\U@D=\dimen103
)
Package babel Info: Making " an active character on input line 91.
Warning: You are using encoding OT1 instead of T1.
Some word breaks will not be found.
\leftllkern=\dimen104
\rightllkern=\dimen105
\raiselldim=\dimen106
))
(/usr/share/texmf-texlive/tex/latex/graphics/graphicx.sty
Package: graphicx 1999/02/16 v1.0f Enhanced LaTeX Graphics (DPC,SPQR)

(/usr/share/texmf-texlive/tex/latex/graphics/keyval.sty
Package: keyval 1999/03/16 v1.13 key=value parser (DPC)
\KV@toks@=\toks16
)
(/usr/share/texmf-texlive/tex/latex/graphics/graphics.sty
Package: graphics 2009/02/05 v1.0o Standard LaTeX Graphics (DPC,SPQR)

(/usr/share/texmf-texlive/tex/latex/graphics/trig.sty
Package: trig 1999/03/16 v1.09 sin cos tan (DPC)
)
(/etc/texmf/tex/latex/config/graphics.cfg
File: graphics.cfg 2009/08/28 v1.8 graphics configuration of TeX Live
)
Package graphics Info: Driver file: pdftex.def on input line 91.

(/usr/share/texmf-texlive/tex/latex/pdftex-def/pdftex.def
File: pdftex.def 2010/03/12 v0.04p Graphics/color for pdfTeX
\Gread@gobject=\count88
))
\Gin@req@height=\dimen107
\Gin@req@width=\dimen108
) (./memIA.aux

LaTeX Warning: Label `fig:quad_punta' multiply defined.

)
\openout1 = `memIA.aux'.

LaTeX Font Info:    Checking defaults for OML/cmm/m/it on input line 52.
LaTeX Font Info:    ... okay on input line 52.
LaTeX Font Info:    Checking defaults for T1/cmr/m/n on input line 52.
LaTeX Font Info:    ... okay on input line 52.
LaTeX Font Info:    Checking defaults for OT1/cmr/m/n on input line 52.
LaTeX Font Info:    ... okay on input line 52.
LaTeX Font Info:    Checking defaults for OMS/cmsy/m/n on input line 52.
LaTeX Font Info:    ... okay on input line 52.
LaTeX Font Info:    Checking defaults for OMX/cmex/m/n on input line 52.
LaTeX Font Info:    ... okay on input line 52.
LaTeX Font Info:    Checking defaults for U/cmr/m/n on input line 52.
LaTeX Font Info:    ... okay on input line 52.
LaTeX Font Info:    Try loading font information for OT1+ptm on input line 52.
 (/usr/share/texmf-texlive/tex/latex/psnfss/ot1ptm.fd
File: ot1ptm.fd 2001/06/04 font definitions for OT1/ptm.
)
LaTeX Info: Redefining \l on input line 52.
LaTeX Info: Redefining \L on input line 52.

(/usr/share/texmf/tex/context/base/supp-pdf.mkii
[Loading MPS to PDF converter (version 2006.09.02).]
\scratchcounter=\count89
\scratchdimen=\dimen109
\scratchbox=\box26
\nofMPsegments=\count90
\nofMParguments=\count91
\everyMPshowfont=\toks17
\MPscratchCnt=\count92
\MPscratchDim=\dimen110
\MPnumerator=\count93
\everyMPtoPDFconversion=\toks18
)
LaTeX Font Info:    Font shape `OT1/ptm/bx/n' in size <14.4> not available
(Font)              Font shape `OT1/ptm/b/n' tried instead on input line 54.
LaTeX Font Info:    External font `cmex10' loaded for size
(Font)              <12> on input line 54.
LaTeX Font Info:    External font `cmex10' loaded for size
(Font)              <8> on input line 54.
LaTeX Font Info:    External font `cmex10' loaded for size
(Font)              <6> on input line 54.
LaTeX Font Info:    Font shape `OT1/ptm/bx/n' in size <12> not available
(Font)              Font shape `OT1/ptm/b/n' tried instead on input line 54.
LaTeX Font Info:    Try loading font information for OMS+ptm on input line 54.
 (/usr/share/texmf-texlive/tex/latex/psnfss/omsptm.fd
File: omsptm.fd 
)
LaTeX Font Info:    Font shape `OMS/ptm/m/n' in size <12> not available
(Font)              Font shape `OMS/cmsy/m/n' tried instead on input line 54.
LaTeX Font Info:    Font shape `OMS/ptm/m/n' in size <10> not available
(Font)              Font shape `OMS/cmsy/m/n' tried instead on input line 62.

Underfull \hbox (badness 10000) in paragraph at lines 62--83

 []


Underfull \hbox (badness 2818) in paragraph at lines 62--83
\OT1/ptm/m/n/10 rac-ter[]^^Pstiques qua-li-ta-ti-ves per a de-fi-nir la no-va f
i-gu-ra.
 []


Underfull \hbox (badness 10000) in paragraph at lines 62--83

 []


Underfull \hbox (badness 10000) in paragraph at lines 62--83

 []


Underfull \hbox (badness 2401) in paragraph at lines 62--83
\OT1/ptm/m/n/10 Espec[]^^Pficament, el tre-ball que s'-ha desen-vo-lu-pat trac-
ta
 []


Underfull \hbox (badness 1371) in paragraph at lines 62--83
\OT1/ptm/m/n/10 so-bre l'ob-ten-ci[]o d'i-mat-ges, an[]alisis de les se-ves ca-
rac-
 []


Underfull \hbox (badness 1087) in paragraph at lines 62--83
\OT1/ptm/m/n/10 que l'an[]alisi i els seus re-sul-tats per-ta-nyen al camp del
 []


Underfull \hbox (badness 10000) in paragraph at lines 62--83

 []


Underfull \hbox (badness 2828) in paragraph at lines 62--83
\OT1/ptm/m/n/10 l'-ha-bi-li-tat in-na-ta dels []essers hu-mans per ra-o-nar sen
-se
 []


Underfull \hbox (badness 10000) in paragraph at lines 85--96

 []


Underfull \hbox (badness 1527) in paragraph at lines 85--96
\OT1/ptm/m/n/10 Les ca-rac-ter[]^^Pstiques que de-ter-mi-nen ca-da v[]ertex s[]
on el
 []


Underfull \hbox (badness 10000) in paragraph at lines 85--96

 []

LaTeX Font Info:    Font shape `OT1/ptm/bx/n' in size <10.95> not available
(Font)              Font shape `OT1/ptm/b/n' tried instead on input line 96.

Underfull \hbox (badness 10000) in paragraph at lines 97--104

 []


Underfull \hbox (badness 10000) in paragraph at lines 97--104

 []

[1{/var/lib/texmf/fonts/map/pdftex/updmap/pdftex.map}



]
<images/angles.png, id=8, 335.2525pt x 92.345pt>
File: images/angles.png Graphic file (type png)
 <use images/angles.png>
Overfull \hbox (16.08875pt too wide) in paragraph at lines 107--108
 [][] 
 []

<images/convex.jpeg, id=9, 231.11343pt x 109.91063pt>
File: images/convex.jpeg Graphic file (type jpg)
 <use images/convex.jpeg>
Overfull \hbox (16.08875pt too wide) in paragraph at lines 119--120
 [][] 
 []


Underfull \hbox (badness 10000) in paragraph at lines 125--135

 []


Underfull \hbox (badness 10000) in paragraph at lines 125--135

 []


Underfull \hbox (badness 10000) in paragraph at lines 125--135

 []


Underfull \hbox (badness 1888) in paragraph at lines 125--135
\OT1/ptm/m/n/10 Comparant aques-tes dos da-des ob-te-nim el va-lor de la
 []

LaTeX Font Info:    External font `cmex10' loaded for size
(Font)              <7> on input line 136.
LaTeX Font Info:    External font `cmex10' loaded for size
(Font)              <5> on input line 136.

Underfull \hbox (badness 10000) in paragraph at lines 146--150

 []


Underfull \hbox (badness 10000) in paragraph at lines 146--150

 []


Underfull \hbox (badness 10000) in paragraph at lines 167--171

 []


Underfull \hbox (badness 1917) in paragraph at lines 167--171
\OT1/ptm/m/it/10 [line-line, right, a-bit-longer, con-vex], [line-line, right,
 []

<images/quad_gran.jpg, id=10, 284.06125pt x 240.9pt>
File: images/quad_gran.jpg Graphic file (type jpg)

<use images/quad_gran.jpg>
Overfull \hbox (16.08875pt too wide) in paragraph at lines 174--175
 [][] 
 []


LaTeX Warning: `h' float specifier changed to `ht'.


Underfull \hbox (badness 10000) in paragraph at lines 180--198

 []


Underfull \hbox (badness 2205) in paragraph at lines 180--198
\OT1/ptm/m/n/10 El mi-nu-end sem-pre deu ser ma-jor que el sub-tra-hend,
 []


Underfull \hbox (badness 10000) in paragraph at lines 180--198

 []


Underfull \hbox (badness 10000) in paragraph at lines 180--198

 []


Underfull \hbox (badness 10000) in paragraph at lines 180--198

 []

[2 <./images/angles.png (PNG copy)> <./images/convex.jpeg>]
Underfull \vbox (badness 5260) has occurred while \output is active []


<images/taula1.jpeg, id=16, 599.99156pt x 121.95563pt>
File: images/taula1.jpeg Graphic file (type jpg)

<use images/taula1.jpeg>
Overfull \hbox (16.08875pt too wide) in paragraph at lines 221--222
 [][] 
 []

<images/taula2.jpeg, id=17, 147.55125pt x 206.27063pt>
File: images/taula2.jpeg Graphic file (type jpg)

<use images/taula2.jpeg> <images/taula3.png, id=18, 325.215pt x 188.705pt>
File: images/taula3.png Graphic file (type png)

<use images/taula3.png>

LaTeX Warning: `h' float specifier changed to `ht'.


Underfull \hbox (badness 10000) in paragraph at lines 254--259

 []


Underfull \hbox (badness 10000) in paragraph at lines 254--259

 []

[3 <./images/quad_gran.jpg> <./images/taula1.jpeg> <./images/taula2.jpeg>]
Underfull \hbox (badness 1052) in paragraph at lines 260--265
\OT1/ptm/m/n/10 En cas que des-a-pa-re-ga un v[]ertex per res-tar dos an-gles
 []


Underfull \hbox (badness 10000) in paragraph at lines 260--265

 []


Underfull \hbox (badness 10000) in paragraph at lines 260--265

 []


Underfull \hbox (badness 10000) in paragraph at lines 266--270

 []


Underfull \hbox (badness 10000) in paragraph at lines 266--270

 []


Underfull \hbox (badness 10000) in paragraph at lines 271--288

 []


Underfull \hbox (badness 1509) in paragraph at lines 271--288
\OT1/ptm/m/n/10 Abans de tre-ba-llar amb els v[]ertexs s'-han d'i-gua-lar les
 []


Underfull \hbox (badness 10000) in paragraph at lines 271--288

 []


Underfull \hbox (badness 1803) in paragraph at lines 271--288
\OT1/ptm/m/n/10 El proc[]es con-sis-teix en des-car-tar els punts coin-ci-dents

 []


Underfull \hbox (badness 10000) in paragraph at lines 271--288

 []


Underfull \hbox (badness 10000) in paragraph at lines 271--288

 []


Underfull \hbox (badness 10000) in paragraph at lines 289--300

 []


Underfull \hbox (badness 1297) in paragraph at lines 289--300
\OT1/ptm/m/n/10 Tots els punts que han coin-ci-dit en les dos fi-gu-res es
 []


Underfull \hbox (badness 10000) in paragraph at lines 289--300

 []


Underfull \hbox (badness 10000) in paragraph at lines 289--300

 []


Underfull \hbox (badness 10000) in paragraph at lines 301--309

 []


Underfull \hbox (badness 1776) in paragraph at lines 301--309
\OT1/ptm/m/n/10 Es re-a-lit-zen di-ver-ses com-pro-va-ci-ons per a es-tar se-gu
rs
 []


Underfull \hbox (badness 10000) in paragraph at lines 301--309

 []


Underfull \hbox (badness 10000) in paragraph at lines 301--309

 []


Underfull \hbox (badness 10000) in paragraph at lines 310--315

 []


Underfull \hbox (badness 10000) in paragraph at lines 310--315

 []


Underfull \hbox (badness 10000) in paragraph at lines 316--322

 []


Underfull \hbox (badness 10000) in paragraph at lines 316--322

 []

[4 <./images/taula3.png (PNG copy)>]
Underfull \hbox (badness 10000) in paragraph at lines 323--332

 []


Underfull \hbox (badness 1708) in paragraph at lines 323--332
\OT1/ptm/m/n/10 Per a re-a-lit-zar aques-ta ges-ti[]o es con-ten el nom-bre de
 []


Underfull \hbox (badness 10000) in paragraph at lines 323--332

 []


Underfull \hbox (badness 10000) in paragraph at lines 323--332

 []


Underfull \hbox (badness 10000) in paragraph at lines 333--341

 []


Underfull \hbox (badness 1173) in paragraph at lines 333--341
\OT1/ptm/m/n/10 Finalment hi ha un bot[]o que ser-veix per a cal-cu-lar la
 []

<images/iufinal_p.png, id=25, 408.52625pt x 330.23375pt>
File: images/iufinal_p.png Graphic file (type png)

<use images/iufinal_p.png>
Underfull \hbox (badness 10000) in paragraph at lines 350--354

 []


Underfull \hbox (badness 10000) in paragraph at lines 350--354

 []


Underfull \hbox (badness 10000) in paragraph at lines 355--360

 []


Underfull \hbox (badness 10000) in paragraph at lines 355--360

 []

LaTeX Font Info:    Font shape `OT1/ptm/bx/n' in size <10> not available
(Font)              Font shape `OT1/ptm/b/n' tried instead on input line 361.
File: images/quad_gran.jpg Graphic file (type jpg)
<use images/quad_gran.jpg>
Underfull \hbox (badness 2142) in paragraph at lines 369--374
\OT1/ptm/m/it/10 similar-length, con-vex], [line-line, right, similar-length,
 []


Underfull \hbox (badness 10000) in paragraph at lines 369--374

 []


Underfull \hbox (badness 10000) in paragraph at lines 369--374

 []

<images/quad_menut.jpg, id=26, 256.96pt x 183.68625pt>
File: images/quad_menut.jpg Graphic file (type jpg)

<use images/quad_menut.jpg> <images/res1.jpg, id=27, 550.055pt x 504.88625pt>
File: images/res1.jpg Graphic file (type jpg)

<use images/res1.jpg>
Underfull \hbox (badness 1917) in paragraph at lines 383--395
\OT1/ptm/m/it/10 [line-line, right, a-bit-longer, con-vex], [line-line, right,
 []


Underfull \hbox (badness 10000) in paragraph at lines 383--395

 []


Underfull \hbox (badness 10000) in paragraph at lines 396--404
[]\OT1/ptm/m/it/10 [line-line,right,double-length,convex], [line-
 []


Underfull \hbox (badness 10000) in paragraph at lines 396--404
\OT1/ptm/m/it/10 line,right,much-shorter,convex], [line-line,right,similar-
 []


Underfull \hbox (badness 10000) in paragraph at lines 396--404
\OT1/ptm/m/it/10 length,convex], [line-line,right,much-longer,convex],
 []


Underfull \hbox (badness 10000) in paragraph at lines 396--404
\OT1/ptm/m/it/10 line-line,right,half-length,convex], [line-line,right,a-bit-
 []


Underfull \hbox (badness 10000) in paragraph at lines 396--404

 []


Underfull \hbox (badness 2351) in paragraph at lines 396--404
\OT1/ptm/m/n/10 El se-gon exem-ple con-sis-teix en la res-ta d'un qua-drat
 []


Underfull \hbox (badness 1194) in paragraph at lines 396--404
\OT1/ptm/m/n/10 menys una fi-gu-ra ir-re-gu-lar en for-ma d'es-ca-la. Aquest
 []


Underfull \hbox (badness 10000) in paragraph at lines 396--404

 []


Underfull \hbox (badness 10000) in paragraph at lines 396--404

 []

[5 <./images/iufinal_p.png (PNG copy)> <./images/quad_menut.jpg> <./images/res1
.jpg>]
File: images/quad_gran.jpg Graphic file (type jpg)
 <use images/quad_gran.jpg>
Underfull \hbox (badness 2142) in paragraph at lines 413--418
\OT1/ptm/m/it/10 similar-length, con-vex], [line-line, right, similar-length,
 []


Underfull \hbox (badness 10000) in paragraph at lines 413--418

 []


Underfull \hbox (badness 10000) in paragraph at lines 413--418

 []

<images/quad_escala.jpg, id=31, 209.78375pt x 202.7575pt>
File: images/quad_escala.jpg Graphic file (type jpg)

<use images/quad_escala.jpg>
<images/res2.jpg, id=32, 279.0425pt x 231.86626pt>
File: images/res2.jpg Graphic file (type jpg)
 <use images/res2.jpg>
Underfull \hbox (badness 10000) in paragraph at lines 427--439
\OT1/ptm/m/it/10 [line-line,right,similar-length,convex],[line-line,right,much-

 []


Underfull \hbox (badness 10000) in paragraph at lines 427--439
\OT1/ptm/m/it/10 longer,convex], [line-line,right,a-bit-longer,convex],
 []


Underfull \hbox (badness 10000) in paragraph at lines 427--439
\OT1/ptm/m/it/10 [line-line,obtuse,similar-length,concave], [line-
 []


Underfull \hbox (badness 10000) in paragraph at lines 427--439
\OT1/ptm/m/it/10 length,concave], [line-line,right,similar-length,convex],
 []


Underfull \hbox (badness 10000) in paragraph at lines 427--439

 []


LaTeX Warning: `!h' float specifier changed to `!ht'.

File: images/quad_gran.jpg Graphic file (type jpg)
<use images/quad_gran.jpg>
Underfull \hbox (badness 10000) in paragraph at lines 440--458
\OT1/ptm/m/it/10 [line-line,right,a-bit-longer,convex], [line-line,right,much-
 []


Underfull \hbox (badness 10000) in paragraph at lines 440--458
\OT1/ptm/m/it/10 shorter,convex], [line-line,right,a-bit-longer,convex],
 []


Underfull \hbox (badness 10000) in paragraph at lines 440--458
\OT1/ptm/m/it/10 [line-line,right,much-longer,convex], [line-line,right,a-
 []


Underfull \hbox (badness 10000) in paragraph at lines 440--458
\OT1/ptm/m/it/10 bit-longer,convex], [line-line,obtuse,a-bit-longer,concave],
 []


Underfull \hbox (badness 10000) in paragraph at lines 440--458
\OT1/ptm/m/it/10 [line-line,right,similar-length,convex], [line-line,obtuse,a-
 []


Underfull \hbox (badness 10000) in paragraph at lines 440--458

 []


Underfull \hbox (badness 2435) in paragraph at lines 440--458
\OT1/ptm/m/n/10 El ter-cer exem-ple con-sis-teix en la res-ta d'un qua-drat
 []


Underfull \hbox (badness 10000) in paragraph at lines 440--458

 []


Underfull \hbox (badness 2142) in paragraph at lines 459--464
\OT1/ptm/m/it/10 similar-length, con-vex], [line-line, right, similar-length,
 []


Underfull \hbox (badness 10000) in paragraph at lines 459--464

 []


Underfull \hbox (badness 10000) in paragraph at lines 459--464

 []

<images/quad_punta.jpg, id=33, 287.0725pt x 198.7425pt>
File: images/quad_punta.jpg Graphic file (type jpg)

<use images/quad_punta.jpg> <images/res3.jpg, id=34, 275.0275pt x 206.7725pt>
File: images/res3.jpg Graphic file (type jpg)

<use images/res3.jpg>
Underfull \hbox (badness 1635) in paragraph at lines 473--485
\OT1/ptm/m/it/10 [line-line,right,much-shorter,convex], [line-line,right,much-
 []


Underfull \hbox (badness 10000) in paragraph at lines 473--485
\OT1/ptm/m/it/10 line,obtuse,a-bit-longer,concave], [line-line,right,similar-
 []


Underfull \hbox (badness 10000) in paragraph at lines 473--485
\OT1/ptm/m/it/10 line,obtuse,half-length,concave], [line-line,right,similar-
 []


Underfull \hbox (badness 10000) in paragraph at lines 473--485

 []

[6 <./images/quad_escala.jpg> <./images/res2.jpg> <./images/quad_punta.jpg>]
Underfull \hbox (badness 10000) in paragraph at lines 486--497
\OT1/ptm/m/it/10 [line-line,right,much-longer,convex], [line-
 []


Underfull \hbox (badness 10000) in paragraph at lines 486--497
\OT1/ptm/m/it/10 line,obtuse,similar-length,convex], [line-line,right,a-bit-
 []


Underfull \hbox (badness 10000) in paragraph at lines 486--497
\OT1/ptm/m/it/10 longer,concave], [line-line,obtuse,a-bit-shorter,concave],
 []


Underfull \hbox (badness 4899) in paragraph at lines 486--497
\OT1/ptm/m/it/10 [line-line,right,similar-length,convex], [line-line,right,half
-
 []


Underfull \hbox (badness 10000) in paragraph at lines 486--497

 []


Underfull \hbox (badness 10000) in paragraph at lines 486--497

 []


Underfull \hbox (badness 10000) in paragraph at lines 486--497

 []

<images/quad_gran_restat.jpg, id=38, 277.035pt x 225.84375pt>
File: images/quad_gran_restat.jpg Graphic file (type jpg)

<use images/quad_gran_restat.jpg>
Underfull \hbox (badness 10000) in paragraph at lines 506--511
\OT1/ptm/m/it/10 shorter,convex], [line-line,right,a-bit-shorter,convex],
 []


Underfull \hbox (badness 10000) in paragraph at lines 506--511
\OT1/ptm/m/it/10 [line-line,right,a-bit-shorter,convex], [line-line,right,a-bit
-
 []


Underfull \hbox (badness 10000) in paragraph at lines 506--511

 []


Underfull \hbox (badness 10000) in paragraph at lines 506--511

 []

File: images/quad_menut.jpg Graphic file (type jpg)
<use images/quad_menut.jpg>

LaTeX Warning: `!h' float specifier changed to `!ht'.

<images/res4.jpg, id=39, 275.0275pt x 237.88875pt>
File: images/res4.jpg Graphic file (type jpg)
 <use images/res4.jpg>
Underfull \hbox (badness 1917) in paragraph at lines 520--532
\OT1/ptm/m/it/10 [line-line, right, a-bit-longer, con-vex], [line-line, right,
 []


Underfull \hbox (badness 10000) in paragraph at lines 520--532

 []


LaTeX Warning: `!h' float specifier changed to `!ht'.


Underfull \hbox (badness 10000) in paragraph at lines 533--538
\OT1/ptm/m/it/10 shorter,convex], [line-line,right,a-bit-shorter,convex],
 []


Underfull \hbox (badness 10000) in paragraph at lines 533--538
\OT1/ptm/m/it/10 length,convex], [line-line,obtuse,much-longer,concave],
 []


Underfull \hbox (badness 10000) in paragraph at lines 533--538
\OT1/ptm/m/it/10 [line-line,obtuse,much-shorter,convex], [line-line,obtuse,a-
 []


Underfull \hbox (badness 10000) in paragraph at lines 533--538

 []


Underfull \hbox (badness 10000) in paragraph at lines 533--538

 []


Underfull \hbox (badness 10000) in paragraph at lines 540--559

 []


Underfull \hbox (badness 10000) in paragraph at lines 540--559

 []


Underfull \hbox (badness 3803) in paragraph at lines 540--559
\OT1/ptm/m/n/10 Altres mi-llo-res se-ri-en la pos-si-bi-li-tat de res-tar fi-gu
-res
 []


Underfull \hbox (badness 10000) in paragraph at lines 540--559

 []

[7 <./images/res3.jpg> <./images/quad_gran_restat.jpg> <./images/res4.jpg>]
Underfull \hbox (badness 1178) in paragraph at lines 561--577
\OT1/ptm/m/n/10 -[Jordan01] Jor-dan M. I. and Rus-sel S., Com-pu-ta-ti-o-nal
 []


Underfull \hbox (badness 10000) in paragraph at lines 561--577

 []


Underfull \hbox (badness 1009) in paragraph at lines 561--577
\OT1/ptm/m/n/10 -[Museros07] L. Mu-se-ros. Qua-li-ta-ti-ve the-ory on sha-pe
 []


Underfull \hbox (badness 1762) in paragraph at lines 561--577
\OT1/ptm/m/n/10 re-pre-sen-ta-ti-on. ap-pli-ca-ti-on to in-dus-tri-al ma-nu-fac
-tu-ring,
 []


Underfull \hbox (badness 10000) in paragraph at lines 561--577

 []


Underfull \hbox (badness 1430) in paragraph at lines 561--577
\OT1/ptm/m/n/10 Fa-lo-mir. A Qua-li-ta-ti-ve Sha-pe Des-crip-ti-on Sc-he-me for

 []


Underfull \hbox (badness 10000) in paragraph at lines 561--577

 []


Underfull \hbox (badness 1960) in paragraph at lines 561--577
\OT1/ptm/m/n/10 -[Zoe11] Zoe Fa-lo-mir Llan-so-la. Qua-li-ta-ti-ve Dis-tan-ces
 []


Underfull \hbox (badness 10000) in paragraph at lines 561--577

 []


Underfull \hbox (badness 10000) in paragraph at lines 561--577

 []


Underfull \hbox (badness 1968) in paragraph at lines 561--577
\OT1/ptm/m/n/10 -[Garcia] T[]^^Ptol: Sis-te-ma Re-co-ma-na-dor amb Or-dres de
 []

[8

] (./memIA.aux)

LaTeX Warning: There were multiply-defined labels.

 ) 
Here is how much of TeX's memory you used:
 1681 strings out of 494999
 20513 string characters out of 1180816
 83965 words of memory out of 3000000
 4852 multiletter control sequences out of 15000+50000
 18748 words of font info for 39 fonts, out of 3000000 for 9000
 54 hyphenation exceptions out of 8191
 25i,13n,24p,436b,250s stack positions out of 5000i,500n,10000p,200000b,50000s
{/usr/share/texmf-texlive/fonts/enc/dvips/base/8r.enc}</usr/share/texmf-texli
ve/fonts/type1/public/amsfonts/cm/cmmi10.pfb></usr/share/texmf-texlive/fonts/ty
pe1/public/amsfonts/cm/cmsy10.pfb></usr/share/texmf-texlive/fonts/type1/urw/tim
es/utmb8a.pfb></usr/share/texmf-texlive/fonts/type1/urw/times/utmr8a.pfb></usr/
share/texmf-texlive/fonts/type1/urw/times/utmri8a.pfb>
Output written on memIA.pdf (8 pages, 248187 bytes).
PDF statistics:
 65 PDF objects out of 1000 (max. 8388607)
 0 named destinations out of 1000 (max. 500000)
 76 words of extra memory for PDF output out of 10000 (max. 10000000)

